nmol:16 nrxn:22
0
1
2
3
4
5
6
7
8
9
10
11
12
13
14
15
11
12
16
17
18
19
=======
-1
-1
-1
-1
4
5
-1
-1
8
9
-1
11
12
-1
14
15
11
12
16
17
18
19
-------
Resizing param_ranges 20 rows to 12 rows
0 4 0
1 5 1
2 8 2
3 9 3
4 11 4
5 12 5
6 14 6
7 15 7
3 16 8
4 17 9
8 18 10
9 19 11
10 20 12
11 21 13
pr.nrows(): 12
0	1e+06
0	1e+06
0	1e+06
0	1e+06
0	1e+06
0	1e+06
0	1e+06
0	1e+06
0	1e+06
0	1e+06
0	1e+06
0	1e+06
Network file: d012.net
Population size: 2000
Client-server mode: true
Work-unit size: 100
Master: 10.56.0.4
Number of generations: 100
Selection pressure: 0.200000
Crossover type: NPt
Maximize fitness function: false
Elitism: true
Replace failures: false
Simplex size: 1
Shift mutation range: 0.050000
Save best interval: 1
Save best prefix: best
Print population interval: 0
Print population stats interval: 1
Population identity check interval: 1
Population identity limit: 0.500000
Random seed: 4294967295
Integer parameters: false
Parameter ranges:
LacI	-1	0.100000				# LacI --> 0                                                  	0.010000
TetR	-1	0.100000				# TetR --> 0                                                  	0.010000
lambda cI	-1	0.100000				# lambda cI --> 0                                             	0.010000
GFP	-1	0.010000				# GFP --> 0                                                   	1.000000
LacIX	0	0.000000	1000000.000000			# LacIX --> 0                                                 	0.000000
TetRX	1	0.000000	1000000.000000			# TetRX --> 0                                                 	0.000000
T1	-1	10.000000					# LacIg --> LacIg + LacI                                      	Kf:1.000000
T2	-1	10.000000					# TetRg --> TetRg + TetR                                      	Kf:1.000000
PL1	2	0.000000	1000000.000000	3	0.000000	1000000.000000	# (lambda cIg) + 4LacI <-> (lambda cIgX)                      	Kf:1.000000	Kr:1.000000
T3	-1	10.000000					# (lambda cIg) --> (lambda cIg) + (lambda cI)                 	Kf:1.000000
PL-a	4	0.000000	1000000.000000	5	0.000000	1000000.000000	# GFPg + 2(lambda cI) <-> GFPgX                               	Kf:10.000000	Kr:1.000000
T4	-1	10000.000000					# GFPg --> GFPg + GFP                                         	Kf:10.000000
PT	6	0.000000	1000000.000000	7	0.000000	1000000.000000	# TetRg + 2TetR <-> TetRgX                                    	Kf:1.000000	Kr:1.000000
PL-b	3	0.000000	1000000.000000	4	0.000000	1000000.000000	# LacIg + 2(lambda cI) <-> LacIgX                             	Kf:1.000000	Kr:1.000000
R1	8	0.000000	1000000.000000	9	0.000000	1000000.000000	# IPTG + LacI <-> LacIX                                       	Kf:1.000000	Kr:1.000000
R2	10	0.000000	1000000.000000	11	0.000000	1000000.000000	# aTc + TetR <-> TetRX                                        	Kf:1.000000	Kr:1.000000
kc2param_map:
-1
-1
-1
-1
0
1
-1
-1
2
3
-1
4
5
-1
6
7
3
4
8
9
10
11
param_ranges:
0	1e+06
0	1e+06
0	1e+06
0	1e+06
0	1e+06
0	1e+06
0	1e+06
0	1e+06
0	1e+06
0	1e+06
0	1e+06
0	1e+06
pem.kc:
0.1
0.1
0.1
0.01
0
0
10
10
1
1
10
10
1
1e+04
1
1
1
1
1
1
1
1
gene_len: 12
Best:	0	179769313486231570814527423731704356798070567525844996598917476803157260780028538760589558632766878171540458953514382464234321326889464182768467546703537516986049910576551282076245490090389328944075868508455133942304583236903222948165808559332123348274797826204144723168738177180919299881250404026184124858368.000000	{{2.007e+10, 5.305e-313, 7.012e-270, 1.273e-313}}	11.09	0.00	0.00	0.00	43.20	0.53	0.00	0.08	0.00	0.16	68.32	734.62	kc:	0.10	0.10	0.10	0.01	11.09	0.00	10.00	10.00	0.00	0.00	10.00	43.20	0.53	10000.00	0.00	0.08	0.00	43.20	0.00	0.16	68.32	734.62
Avg:	0	inf	511.19	426.33	517.16	503.65	557.82	416.15	504.80	433.72	493.25	460.52	477.58	455.27
Worst:	0	179769313486231570814527423731704356798070567525844996598917476803157260780028538760589558632766878171540458953514382464234321326889464182768467546703537516986049910576551282076245490090389328944075868508455133942304583236903222948165808559332123348274797826204144723168738177180919299881250404026184124858368.000000	{{7.148e-270, 6.678e-316, 1.528e-312, 6.678e-316}}	0.00	0.06	0.41	0.02	0.00	0.00	3.60	1842.64	0.26	0.00	6.40	0.12	kc:	0.10	0.10	0.10	0.01	0.00	0.06	10.00	10.00	0.41	0.02	10.00	0.00	0.00	10000.00	3.60	1842.64	0.02	0.00	0.26	0.00	6.40	0.12
  0/100	Fitness Avg:inf	Min:179769313486231570814527423731704356798070567525844996598917476803157260780028538760589558632766878171540458953514382464234321326889464182768467546703537516986049910576551282076245490090389328944075868508455133942304583236903222948165808559332123348274797826204144723168738177180919299881250404026184124858368.000000	Max:179769313486231570814527423731704356798070567525844996598917476803157260780028538760589558632766878171540458953514382464234321326889464182768467546703537516986049910576551282076245490090389328944075868508455133942304583236903222948165808559332123348274797826204144723168738177180919299881250404026184124858368.000000
****************Comparing 179769313486231570814527423731704356798070567525844996598917476803157260780028538760589558632766878171540458953514382464234321326889464182768467546703537516986049910576551282076245490090389328944075868508455133942304583236903222948165808559332123348274797826204144723168738177180919299881250404026184124858368.000000 to 179769313486231570814527423731704356798070567525844996598917476803157260780028538760589558632766878171540458953514382464234321326889464182768467546703537516986049910576551282076245490090389328944075868508455133942304583236903222948165808559332123348274797826204144723168738177180919299881250404026184124858368.000000
Best:	1	179769313486231570814527423731704356798070567525844996598917476803157260780028538760589558632766878171540458953514382464234321326889464182768467546703537516986049910576551282076245490090389328944075868508455133942304583236903222948165808559332123348274797826204144723168738177180919299881250404026184124858368.000000	{{2.007e+10, 5.305e-313, 7.012e-270, 1.273e-313}}	0.04	0.02	1551.25	8.44	1011.32	0.55	7508.55	848.30	0.00	0.00	1.15	12.93	kc:	0.10	0.10	0.10	0.01	0.04	0.02	10.00	10.00	1551.25	8.44	10.00	1011.32	0.55	10000.00	7508.55	848.30	8.44	1011.32	0.00	0.00	1.15	12.93
Avg:	1	inf	520.89	425.36	569.68	508.32	601.23	434.48	440.69	436.78	572.70	432.11	448.29	472.49
Worst:	1	179769313486231570814527423731704356798070567525844996598917476803157260780028538760589558632766878171540458953514382464234321326889464182768467546703537516986049910576551282076245490090389328944075868508455133942304583236903222948165808559332123348274797826204144723168738177180919299881250404026184124858368.000000	{{7.148e-270, 6.678e-316, 1.528e-312, 6.678e-316}}	179.45	0.00	581.09	229.02	463.66	2.61	67.60	0.00	9.70	0.01	6938.01	0.00	kc:	0.10	0.10	0.10	0.01	179.45	0.00	10.00	10.00	581.09	229.02	10.00	463.66	2.61	10000.00	67.60	0.00	229.02	463.66	9.70	0.01	6938.01	0.00
  1/100	Fitness Avg:inf	Min:179769313486231570814527423731704356798070567525844996598917476803157260780028538760589558632766878171540458953514382464234321326889464182768467546703537516986049910576551282076245490090389328944075868508455133942304583236903222948165808559332123348274797826204144723168738177180919299881250404026184124858368.000000	Max:179769313486231570814527423731704356798070567525844996598917476803157260780028538760589558632766878171540458953514382464234321326889464182768467546703537516986049910576551282076245490090389328944075868508455133942304583236903222948165808559332123348274797826204144723168738177180919299881250404026184124858368.000000
****************Comparing 179769313486231570814527423731704356798070567525844996598917476803157260780028538760589558632766878171540458953514382464234321326889464182768467546703537516986049910576551282076245490090389328944075868508455133942304583236903222948165808559332123348274797826204144723168738177180919299881250404026184124858368.000000 to 179769313486231570814527423731704356798070567525844996598917476803157260780028538760589558632766878171540458953514382464234321326889464182768467546703537516986049910576551282076245490090389328944075868508455133942304583236903222948165808559332123348274797826204144723168738177180919299881250404026184124858368.000000
Best:	2	179769313486231570814527423731704356798070567525844996598917476803157260780028538760589558632766878171540458953514382464234321326889464182768467546703537516986049910576551282076245490090389328944075868508455133942304583236903222948165808559332123348274797826204144723168738177180919299881250404026184124858368.000000	{{2.007e+10, 5.305e-313, 7.012e-270, 1.273e-313}}	0.00	254.23	6900.42	1197.87	23.45	0.00	4401.63	2021.23	0.00	0.00	126.86	0.25	kc:	0.10	0.10	0.10	0.01	0.00	254.23	10.00	10.00	6900.42	1197.87	10.00	23.45	0.00	10000.00	4401.63	2021.23	1197.87	23.45	0.00	0.00	126.86	0.25
Avg:	2	inf	541.59	475.49	522.95	466.30	578.91	484.28	337.85	487.46	488.90	439.79	470.32	487.96
Worst:	2	179769313486231570814527423731704356798070567525844996598917476803157260780028538760589558632766878171540458953514382464234321326889464182768467546703537516986049910576551282076245490090389328944075868508455133942304583236903222948165808559332123348274797826204144723168738177180919299881250404026184124858368.000000	{{7.175e-270, 6.947e-270, 6.948e-270, 6.949e-270}}	0.01	189.31	2.39	0.54	23.45	0.00	501.28	2021.23	0.00	0.23	0.00	9242.66	kc:	0.10	0.10	0.10	0.01	0.01	189.31	10.00	10.00	2.39	0.54	10.00	23.45	0.00	10000.00	501.28	2021.23	0.54	23.45	0.00	0.23	0.00	9242.66
  2/100	Fitness Avg:inf	Min:179769313486231570814527423731704356798070567525844996598917476803157260780028538760589558632766878171540458953514382464234321326889464182768467546703537516986049910576551282076245490090389328944075868508455133942304583236903222948165808559332123348274797826204144723168738177180919299881250404026184124858368.000000	Max:179769313486231570814527423731704356798070567525844996598917476803157260780028538760589558632766878171540458953514382464234321326889464182768467546703537516986049910576551282076245490090389328944075868508455133942304583236903222948165808559332123348274797826204144723168738177180919299881250404026184124858368.000000
****************Comparing 179769313486231570814527423731704356798070567525844996598917476803157260780028538760589558632766878171540458953514382464234321326889464182768467546703537516986049910576551282076245490090389328944075868508455133942304583236903222948165808559332123348274797826204144723168738177180919299881250404026184124858368.000000 to 179769313486231570814527423731704356798070567525844996598917476803157260780028538760589558632766878171540458953514382464234321326889464182768467546703537516986049910576551282076245490090389328944075868508455133942304583236903222948165808559332123348274797826204144723168738177180919299881250404026184124858368.000000
Best:	3	179769313486231570814527423731704356798070567525844996598917476803157260780028538760589558632766878171540458953514382464234321326889464182768467546703537516986049910576551282076245490090389328944075868508455133942304583236903222948165808559332123348274797826204144723168738177180919299881250404026184124858368.000000	{{2.007e+10, 5.305e-313, 7.012e-270, 1.273e-313}}	4812.33	57.65	0.81	69.55	97.40	0.01	0.04	0.00	2.12	0.00	0.04	0.00	kc:	0.10	0.10	0.10	0.01	4812.33	57.65	10.00	10.00	0.81	69.55	10.00	97.40	0.01	10000.00	0.04	0.00	69.55	97.40	2.12	0.00	0.04	0.00
Avg:	3	inf	486.27	467.02	554.90	390.28	647.49	555.53	442.45	385.10	492.06	401.01	415.02	577.73
Worst:	3	179769313486231570814527423731704356798070567525844996598917476803157260780028538760589558632766878171540458953514382464234321326889464182768467546703537516986049910576551282076245490090389328944075868508455133942304583236903222948165808559332123348274797826204144723168738177180919299881250404026184124858368.000000	{{7.212e-270, 6.947e-270, 6.948e-270, 6.949e-270}}	1122.70	202.71	35.46	11.36	0.00	0.50	0.00	3.45	38.07	2100.71	203.70	0.01	kc:	0.10	0.10	0.10	0.01	1122.70	202.71	10.00	10.00	35.46	11.36	10.00	0.00	0.50	10000.00	0.00	3.45	11.36	0.00	38.07	2100.71	203.70	0.01
  3/100	Fitness Avg:inf	Min:179769313486231570814527423731704356798070567525844996598917476803157260780028538760589558632766878171540458953514382464234321326889464182768467546703537516986049910576551282076245490090389328944075868508455133942304583236903222948165808559332123348274797826204144723168738177180919299881250404026184124858368.000000	Max:179769313486231570814527423731704356798070567525844996598917476803157260780028538760589558632766878171540458953514382464234321326889464182768467546703537516986049910576551282076245490090389328944075868508455133942304583236903222948165808559332123348274797826204144723168738177180919299881250404026184124858368.000000
****************Comparing 179769313486231570814527423731704356798070567525844996598917476803157260780028538760589558632766878171540458953514382464234321326889464182768467546703537516986049910576551282076245490090389328944075868508455133942304583236903222948165808559332123348274797826204144723168738177180919299881250404026184124858368.000000 to 179769313486231570814527423731704356798070567525844996598917476803157260780028538760589558632766878171540458953514382464234321326889464182768467546703537516986049910576551282076245490090389328944075868508455133942304583236903222948165808559332123348274797826204144723168738177180919299881250404026184124858368.000000
